{"/Users/Chris/Development/Fluid/src/blog.js":{"path":"/Users/Chris/Development/Fluid/src/blog.js","s":{"1":1,"2":1,"3":1,"4":1,"5":1,"6":1,"7":1,"8":1,"9":1,"10":0,"11":0,"12":0,"13":0,"14":2,"15":2,"16":0,"17":2,"18":1,"19":1,"20":1,"21":0,"22":1,"23":1,"24":1,"25":0,"26":1,"27":0,"28":0,"29":0,"30":0,"31":0,"32":0,"33":0,"34":0,"35":0,"36":0,"37":0,"38":0,"39":0,"40":0,"41":0,"42":0,"43":0,"44":0,"45":0,"46":0},"b":{"1":[0,0],"2":[0,2],"3":[0,1],"4":[0,1],"5":[0,0],"6":[0,0],"7":[0,0],"8":[0,0],"9":[0,0]},"f":{"1":0,"2":0,"3":2,"4":2,"5":1,"6":1,"7":1,"8":1,"9":0,"10":0,"11":0,"12":0,"13":0,"14":0,"15":0,"16":0,"17":0},"fnMap":{"1":{"name":"(anonymous_1)","line":36,"loc":{"start":{"line":36,"column":14},"end":{"line":36,"column":46}}},"2":{"name":"(anonymous_2)","line":37,"loc":{"start":{"line":37,"column":81},"end":{"line":37,"column":103}}},"3":{"name":"(anonymous_3)","line":52,"loc":{"start":{"line":52,"column":12},"end":{"line":52,"column":38}}},"4":{"name":"(anonymous_4)","line":53,"loc":{"start":{"line":53,"column":34},"end":{"line":53,"column":55}}},"5":{"name":"(anonymous_5)","line":67,"loc":{"start":{"line":67,"column":15},"end":{"line":67,"column":41}}},"6":{"name":"(anonymous_6)","line":69,"loc":{"start":{"line":69,"column":18},"end":{"line":69,"column":58}}},"7":{"name":"(anonymous_7)","line":84,"loc":{"start":{"line":84,"column":15},"end":{"line":84,"column":38}}},"8":{"name":"(anonymous_8)","line":85,"loc":{"start":{"line":85,"column":31},"end":{"line":85,"column":52}}},"9":{"name":"(anonymous_9)","line":98,"loc":{"start":{"line":98,"column":13},"end":{"line":98,"column":47}}},"10":{"name":"(anonymous_10)","line":102,"loc":{"start":{"line":102,"column":61},"end":{"line":102,"column":74}}},"11":{"name":"(anonymous_11)","line":118,"loc":{"start":{"line":118,"column":17},"end":{"line":118,"column":36}}},"12":{"name":"(anonymous_12)","line":119,"loc":{"start":{"line":119,"column":22},"end":{"line":119,"column":44}}},"13":{"name":"(anonymous_13)","line":134,"loc":{"start":{"line":134,"column":18},"end":{"line":134,"column":47}}},"14":{"name":"(anonymous_14)","line":136,"loc":{"start":{"line":136,"column":21},"end":{"line":136,"column":64}}},"15":{"name":"(anonymous_15)","line":151,"loc":{"start":{"line":151,"column":18},"end":{"line":151,"column":43}}},"16":{"name":"(anonymous_16)","line":152,"loc":{"start":{"line":152,"column":37},"end":{"line":152,"column":58}}},"17":{"name":"(anonymous_17)","line":165,"loc":{"start":{"line":165,"column":16},"end":{"line":165,"column":44}}}},"statementMap":{"1":{"start":{"line":1,"column":0},"end":{"line":1,"column":13}},"2":{"start":{"line":3,"column":0},"end":{"line":3,"column":32}},"3":{"start":{"line":5,"column":0},"end":{"line":5,"column":48}},"4":{"start":{"line":7,"column":0},"end":{"line":7,"column":29}},"5":{"start":{"line":9,"column":0},"end":{"line":19,"column":3}},"6":{"start":{"line":21,"column":0},"end":{"line":21,"column":49}},"7":{"start":{"line":23,"column":0},"end":{"line":25,"column":3}},"8":{"start":{"line":27,"column":0},"end":{"line":27,"column":58}},"9":{"start":{"line":29,"column":0},"end":{"line":168,"column":2}},"10":{"start":{"line":37,"column":4},"end":{"line":44,"column":7}},"11":{"start":{"line":38,"column":6},"end":{"line":43,"column":7}},"12":{"start":{"line":39,"column":8},"end":{"line":39,"column":22}},"13":{"start":{"line":42,"column":8},"end":{"line":42,"column":31}},"14":{"start":{"line":53,"column":4},"end":{"line":61,"column":2}},"15":{"start":{"line":54,"column":6},"end":{"line":59,"column":7}},"16":{"start":{"line":55,"column":8},"end":{"line":55,"column":22}},"17":{"start":{"line":58,"column":8},"end":{"line":58,"column":29}},"18":{"start":{"line":68,"column":4},"end":{"line":68,"column":36}},"19":{"start":{"line":69,"column":4},"end":{"line":77,"column":2}},"20":{"start":{"line":70,"column":6},"end":{"line":75,"column":7}},"21":{"start":{"line":71,"column":8},"end":{"line":71,"column":22}},"22":{"start":{"line":74,"column":8},"end":{"line":74,"column":33}},"23":{"start":{"line":85,"column":4},"end":{"line":90,"column":16}},"24":{"start":{"line":86,"column":6},"end":{"line":88,"column":7}},"25":{"start":{"line":87,"column":8},"end":{"line":87,"column":22}},"26":{"start":{"line":89,"column":8},"end":{"line":89,"column":29}},"27":{"start":{"line":99,"column":4},"end":{"line":110,"column":5}},"28":{"start":{"line":100,"column":6},"end":{"line":100,"column":33}},"29":{"start":{"line":101,"column":6},"end":{"line":101,"column":31}},"30":{"start":{"line":102,"column":6},"end":{"line":106,"column":9}},"31":{"start":{"line":103,"column":8},"end":{"line":105,"column":9}},"32":{"start":{"line":104,"column":10},"end":{"line":104,"column":24}},"33":{"start":{"line":109,"column":6},"end":{"line":109,"column":56}},"34":{"start":{"line":119,"column":4},"end":{"line":126,"column":7}},"35":{"start":{"line":120,"column":6},"end":{"line":125,"column":7}},"36":{"start":{"line":121,"column":8},"end":{"line":121,"column":22}},"37":{"start":{"line":124,"column":8},"end":{"line":124,"column":31}},"38":{"start":{"line":135,"column":4},"end":{"line":135,"column":45}},"39":{"start":{"line":136,"column":4},"end":{"line":144,"column":2}},"40":{"start":{"line":137,"column":6},"end":{"line":142,"column":7}},"41":{"start":{"line":138,"column":8},"end":{"line":138,"column":22}},"42":{"start":{"line":141,"column":8},"end":{"line":141,"column":36}},"43":{"start":{"line":152,"column":4},"end":{"line":157,"column":16}},"44":{"start":{"line":153,"column":6},"end":{"line":155,"column":7}},"45":{"start":{"line":154,"column":8},"end":{"line":154,"column":22}},"46":{"start":{"line":156,"column":8},"end":{"line":156,"column":29}}},"branchMap":{"1":{"line":38,"type":"if","locations":[{"start":{"line":38,"column":6},"end":{"line":38,"column":6}},{"start":{"line":38,"column":6},"end":{"line":38,"column":6}}]},"2":{"line":54,"type":"if","locations":[{"start":{"line":54,"column":6},"end":{"line":54,"column":6}},{"start":{"line":54,"column":6},"end":{"line":54,"column":6}}]},"3":{"line":70,"type":"if","locations":[{"start":{"line":70,"column":6},"end":{"line":70,"column":6}},{"start":{"line":70,"column":6},"end":{"line":70,"column":6}}]},"4":{"line":86,"type":"if","locations":[{"start":{"line":86,"column":6},"end":{"line":86,"column":6}},{"start":{"line":86,"column":6},"end":{"line":86,"column":6}}]},"5":{"line":99,"type":"if","locations":[{"start":{"line":99,"column":4},"end":{"line":99,"column":4}},{"start":{"line":99,"column":4},"end":{"line":99,"column":4}}]},"6":{"line":103,"type":"if","locations":[{"start":{"line":103,"column":8},"end":{"line":103,"column":8}},{"start":{"line":103,"column":8},"end":{"line":103,"column":8}}]},"7":{"line":120,"type":"if","locations":[{"start":{"line":120,"column":6},"end":{"line":120,"column":6}},{"start":{"line":120,"column":6},"end":{"line":120,"column":6}}]},"8":{"line":137,"type":"if","locations":[{"start":{"line":137,"column":6},"end":{"line":137,"column":6}},{"start":{"line":137,"column":6},"end":{"line":137,"column":6}}]},"9":{"line":153,"type":"if","locations":[{"start":{"line":153,"column":6},"end":{"line":153,"column":6}},{"start":{"line":153,"column":6},"end":{"line":153,"column":6}}]}}}}