TN:
SF:/Users/Chris/Development/Fluid/src/blog.js
FN:36,(anonymous_1)
FN:37,(anonymous_2)
FN:52,(anonymous_3)
FN:53,(anonymous_4)
FN:67,(anonymous_5)
FN:69,(anonymous_6)
FN:84,(anonymous_7)
FN:85,(anonymous_8)
FN:98,(anonymous_9)
FN:102,(anonymous_10)
FN:118,(anonymous_11)
FN:119,(anonymous_12)
FN:134,(anonymous_13)
FN:136,(anonymous_14)
FN:151,(anonymous_15)
FN:152,(anonymous_16)
FN:165,(anonymous_17)
FNF:17
FNH:6
FNDA:0,(anonymous_1)
FNDA:0,(anonymous_2)
FNDA:2,(anonymous_3)
FNDA:2,(anonymous_4)
FNDA:1,(anonymous_5)
FNDA:1,(anonymous_6)
FNDA:1,(anonymous_7)
FNDA:1,(anonymous_8)
FNDA:0,(anonymous_9)
FNDA:0,(anonymous_10)
FNDA:0,(anonymous_11)
FNDA:0,(anonymous_12)
FNDA:0,(anonymous_13)
FNDA:0,(anonymous_14)
FNDA:0,(anonymous_15)
FNDA:0,(anonymous_16)
FNDA:0,(anonymous_17)
DA:1,1
DA:3,1
DA:5,1
DA:7,1
DA:9,1
DA:21,1
DA:23,1
DA:27,1
DA:29,1
DA:37,0
DA:38,0
DA:39,0
DA:42,0
DA:53,2
DA:54,2
DA:55,0
DA:58,2
DA:68,1
DA:69,1
DA:70,1
DA:71,0
DA:74,1
DA:85,1
DA:86,1
DA:87,0
DA:89,1
DA:99,0
DA:100,0
DA:101,0
DA:102,0
DA:103,0
DA:104,0
DA:109,0
DA:119,0
DA:120,0
DA:121,0
DA:124,0
DA:135,0
DA:136,0
DA:137,0
DA:138,0
DA:141,0
DA:152,0
DA:153,0
DA:154,0
DA:156,0
LF:46
LH:19
BRDA:38,1,0,0
BRDA:38,1,1,0
BRDA:54,2,0,0
BRDA:54,2,1,2
BRDA:70,3,0,0
BRDA:70,3,1,1
BRDA:86,4,0,0
BRDA:86,4,1,1
BRDA:99,5,0,0
BRDA:99,5,1,0
BRDA:103,6,0,0
BRDA:103,6,1,0
BRDA:120,7,0,0
BRDA:120,7,1,0
BRDA:137,8,0,0
BRDA:137,8,1,0
BRDA:153,9,0,0
BRDA:153,9,1,0
BRF:18
BRH:3
end_of_record
